<?xml version="1.0" encoding="UTF-8"?>
<!-- Generated by org.testng.reporters.JUnitReportReporter -->
<testsuite skipped="0" hostname="LAPTOP-O6J85308" name="com.actitime.test.CustomerTest" tests="1" failures="0" timestamp="12 Mar 2020 06:11:29 GMT" time="41.919" errors="0">
  <testcase name="testCreateCustomer" time="41.919" classname="com.actitime.test.CustomerTest"/>
</testsuite> <!-- com.actitime.test.CustomerTest -->
